SF:lib/data/db/app_db.g.dart
DA:11,1
DA:14,2
DA:15,1
DA:20,1
DA:23,2
DA:24,1
DA:26,1
DA:32,2
DA:33,1
DA:34,1
DA:37,1
DA:38,4
DA:39,1
DA:40,2
DA:41,1
DA:44,1
DA:47,1
DA:48,1
DA:49,1
DA:50,4
DA:52,1
DA:53,1
DA:54,3
DA:56,0
DA:58,1
DA:59,1
DA:61,2
DA:62,1
DA:64,0
DA:69,1
DA:70,1
DA:71,1
DA:73,0
DA:74,1
DA:75,2
DA:76,3
DA:77,2
DA:78,3
DA:79,2
DA:80,3
DA:84,0
DA:86,0
DA:94,2
DA:96,0
DA:98,0
DA:99,0
DA:100,0
DA:101,0
DA:105,0
DA:106,0
DA:107,0
DA:108,0
DA:109,0
DA:113,0
DA:115,0
DA:116,0
DA:117,0
DA:118,0
DA:119,0
DA:122,0
DA:124,0
DA:125,0
DA:126,0
DA:127,0
DA:128,0
DA:132,0
DA:133,0
DA:134,0
DA:135,0
DA:137,0
DA:139,0
DA:140,0
DA:141,0
DA:142,0
DA:143,0
DA:144,0
DA:147,0
DA:148,0
DA:149,0
DA:152,0
DA:153,0
DA:154,0
DA:155,0
DA:162,3
DA:167,0
DA:171,0
DA:172,0
DA:173,0
DA:178,0
DA:179,0
DA:180,0
DA:181,0
DA:185,0
DA:187,0
DA:188,0
DA:189,0
DA:190,0
DA:194,2
DA:196,2
DA:197,4
DA:198,8
DA:200,4
DA:201,8
DA:203,4
DA:204,8
DA:209,0
DA:211,0
DA:212,0
DA:213,0
DA:214,0
DA:215,0
DA:216,0
DA:225,1
DA:228,2
DA:229,1
DA:234,1
DA:237,2
DA:238,1
DA:240,1
DA:246,2
DA:247,1
DA:248,1
DA:255,3
DA:257,1
DA:258,1
DA:263,2
DA:264,1
DA:266,1
DA:267,1
DA:271,2
DA:272,1
DA:276,1
DA:277,1
DA:279,7
DA:280,1
DA:281,2
DA:282,1
DA:285,1
DA:288,1
DA:289,1
DA:290,1
DA:291,0
DA:293,1
DA:294,1
DA:295,3
DA:297,0
DA:299,1
DA:300,1
DA:302,2
DA:303,1
DA:305,0
DA:307,1
DA:308,1
DA:309,1
DA:310,1
DA:311,3
DA:313,0
DA:318,1
DA:319,1
DA:320,1
DA:322,1
DA:323,1
DA:324,2
DA:325,3
DA:326,2
DA:327,3
DA:328,2
DA:329,3
DA:330,2
DA:331,3
DA:332,2
DA:333,2
DA:334,3
DA:335,2
DA:336,2
DA:337,3
DA:341,0
DA:343,0
DA:347,4
DA:349,4
DA:359,2
DA:366,0
DA:368,0
DA:369,0
DA:370,0
DA:371,0
DA:373,0
DA:374,0
DA:377,0
DA:378,0
DA:380,0
DA:384,0
DA:385,0
DA:386,0
DA:387,0
DA:388,0
DA:389,0
DA:390,0
DA:391,0
DA:395,0
DA:397,0
DA:398,0
DA:399,0
DA:400,0
DA:401,0
DA:402,0
DA:403,0
DA:404,0
DA:405,0
DA:406,0
DA:409,0
DA:411,0
DA:412,0
DA:413,0
DA:414,0
DA:415,0
DA:416,0
DA:417,0
DA:418,0
DA:419,0
DA:420,0
DA:424,0
DA:431,0
DA:432,0
DA:433,0
DA:434,0
DA:435,0
DA:436,0
DA:437,0
DA:439,0
DA:441,0
DA:442,0
DA:443,0
DA:444,0
DA:445,0
DA:446,0
DA:447,0
DA:448,0
DA:449,0
DA:452,0
DA:454,0
DA:455,0
DA:458,0
DA:459,0
DA:460,0
DA:461,0
DA:462,0
DA:463,0
DA:464,0
DA:474,3
DA:482,0
DA:489,0
DA:490,0
DA:491,0
DA:492,0
DA:493,0
DA:494,0
DA:502,0
DA:503,0
DA:504,0
DA:505,0
DA:506,0
DA:507,0
DA:508,0
DA:512,0
DA:519,0
DA:520,0
DA:521,0
DA:522,0
DA:523,0
DA:524,0
DA:525,0
DA:529,2
DA:531,2
DA:532,4
DA:533,0
DA:535,4
DA:536,8
DA:538,4
DA:539,8
DA:541,4
DA:542,4
DA:543,8
DA:545,4
DA:546,4
DA:547,2
DA:548,6
DA:550,4
DA:551,8
DA:556,0
DA:558,0
DA:559,0
DA:560,0
DA:561,0
DA:562,0
DA:563,0
DA:564,0
DA:565,0
DA:566,0
DA:575,1
DA:578,2
DA:579,1
DA:584,1
DA:588,2
DA:589,1
DA:590,1
DA:595,2
DA:596,1
DA:597,1
DA:602,2
DA:603,1
DA:605,1
DA:612,3
DA:614,1
DA:615,1
DA:616,1
DA:618,6
DA:619,1
DA:620,2
DA:621,1
DA:624,1
DA:628,1
DA:629,1
DA:630,1
DA:631,0
DA:633,1
DA:634,1
DA:636,2
DA:637,1
DA:639,1
DA:640,1
DA:641,3
DA:643,1
DA:644,1
DA:645,3
DA:647,0
DA:649,1
DA:653,1
DA:654,1
DA:655,1
DA:657,1
DA:658,1
DA:659,2
DA:660,3
DA:661,2
DA:662,3
DA:663,2
DA:664,3
DA:665,2
DA:666,3
DA:667,2
DA:668,3
DA:669,2
DA:673,0
DA:675,0
DA:679,4
DA:690,2
DA:696,0
DA:698,0
DA:699,0
DA:700,0
DA:701,0
DA:703,0
DA:704,0
DA:706,0
DA:708,0
DA:709,0
DA:714,0
DA:715,0
DA:716,0
DA:717,0
DA:719,0
DA:721,0
DA:722,0
DA:723,0
DA:727,0
DA:729,0
DA:730,0
DA:731,0
DA:732,0
DA:733,0
DA:734,0
DA:735,0
DA:736,0
DA:739,0
DA:741,0
DA:742,0
DA:743,0
DA:744,0
DA:745,0
DA:746,0
DA:747,0
DA:748,0
DA:749,0
DA:753,0
DA:759,0
DA:760,0
DA:761,0
DA:762,0
DA:763,0
DA:764,0
DA:766,0
DA:768,0
DA:769,0
DA:770,0
DA:771,0
DA:772,0
DA:773,0
DA:774,0
DA:775,0
DA:778,0
DA:779,0
DA:780,0
DA:783,0
DA:784,0
DA:785,0
DA:786,0
DA:787,0
DA:788,0
DA:798,3
DA:805,0
DA:811,0
DA:812,0
DA:813,0
DA:820,0
DA:821,0
DA:822,0
DA:823,0
DA:824,0
DA:825,0
DA:829,0
DA:835,0
DA:836,0
DA:837,0
DA:838,0
DA:839,0
DA:840,0
DA:844,2
DA:846,2
DA:847,4
DA:848,0
DA:850,4
DA:851,8
DA:853,4
DA:854,8
DA:856,4
DA:857,8
DA:859,4
DA:860,4
DA:861,2
DA:862,6
DA:867,0
DA:869,0
DA:870,0
DA:871,0
DA:872,0
DA:873,0
DA:874,0
DA:875,0
DA:876,0
DA:885,1
DA:888,2
DA:889,1
DA:892,1
DA:897,2
DA:898,1
DA:901,1
DA:903,1
DA:904,3
DA:905,1
DA:906,2
DA:907,1
DA:910,1
DA:913,1
DA:914,1
DA:915,1
DA:916,1
DA:917,3
DA:919,0
DA:921,1
DA:922,1
DA:923,3
DA:925,0
DA:930,1
DA:931,2
DA:932,1
DA:934,1
DA:935,1
DA:936,2
DA:937,3
DA:938,2
DA:939,3
DA:943,0
DA:945,0
DA:953,1
DA:954,1
DA:956,1
DA:957,3
DA:958,3
DA:962,0
DA:963,0
DA:964,0
DA:965,0
DA:969,0
DA:971,0
DA:972,0
DA:973,0
DA:974,0
DA:977,0
DA:979,0
DA:980,0
DA:981,0
DA:982,0
DA:986,0
DA:987,0
DA:988,0
DA:990,0
DA:992,0
DA:993,0
DA:994,0
DA:995,0
DA:996,0
DA:999,0
DA:1000,0
DA:1001,0
DA:1004,0
DA:1005,0
DA:1006,0
DA:1013,0
DA:1018,0
DA:1022,0
DA:1023,0
DA:1024,0
DA:1029,0
DA:1030,0
DA:1031,0
DA:1032,0
DA:1036,0
DA:1038,0
DA:1039,0
DA:1040,0
DA:1041,0
DA:1045,0
DA:1047,0
DA:1048,0
DA:1049,0
DA:1051,0
DA:1052,0
DA:1054,0
DA:1055,0
DA:1060,0
DA:1062,0
DA:1063,0
DA:1064,0
DA:1065,0
DA:1066,0
DA:1067,0
DA:1078,1
DA:1082,2
DA:1083,1
DA:1086,1
DA:1091,2
DA:1092,1
DA:1095,1
DA:1100,2
DA:1101,1
DA:1105,1
DA:1106,1
DA:1107,4
DA:1108,1
DA:1109,2
DA:1110,1
DA:1113,1
DA:1117,1
DA:1118,1
DA:1119,1
DA:1120,1
DA:1121,3
DA:1123,0
DA:1125,1
DA:1126,1
DA:1128,2
DA:1129,1
DA:1131,0
DA:1133,1
DA:1134,1
DA:1135,3
DA:1137,0
DA:1142,1
DA:1143,2
DA:1144,1
DA:1147,1
DA:1148,1
DA:1149,2
DA:1150,3
DA:1151,2
DA:1152,3
DA:1153,2
DA:1154,3
DA:1158,0
DA:1160,0
DA:1169,1
DA:1173,1
DA:1175,1
DA:1176,3
DA:1177,3
DA:1178,3
DA:1182,0
DA:1183,0
DA:1184,0
DA:1185,0
DA:1186,0
DA:1190,0
DA:1192,0
DA:1193,0
DA:1194,0
DA:1195,0
DA:1196,0
DA:1199,0
DA:1201,0
DA:1202,0
DA:1203,0
DA:1204,0
DA:1205,0
DA:1209,0
DA:1211,0
DA:1212,0
DA:1213,0
DA:1214,0
DA:1216,0
DA:1218,0
DA:1219,0
DA:1220,0
DA:1221,0
DA:1222,0
DA:1223,0
DA:1226,0
DA:1227,0
DA:1228,0
DA:1231,0
DA:1232,0
DA:1233,0
DA:1234,0
DA:1243,0
DA:1249,0
DA:1254,0
DA:1255,0
DA:1256,0
DA:1257,0
DA:1263,0
DA:1264,0
DA:1265,0
DA:1266,0
DA:1267,0
DA:1271,0
DA:1276,0
DA:1277,0
DA:1278,0
DA:1279,0
DA:1280,0
DA:1284,0
DA:1286,0
DA:1287,0
DA:1288,0
DA:1290,0
DA:1291,0
DA:1293,0
DA:1294,0
DA:1296,0
DA:1297,0
DA:1302,0
DA:1304,0
DA:1305,0
DA:1306,0
DA:1307,0
DA:1308,0
DA:1309,0
DA:1310,0
DA:1315,2
DA:1316,2
DA:1317,2
DA:1318,1
DA:1319,1
DA:1320,1
DA:1321,1
DA:1322,1
DA:1323,1
DA:1324,1
DA:1325,1
DA:1326,0
DA:1328,0
DA:1329,1
DA:1330,1
DA:1331,1
DA:1332,1
DA:1333,1
DA:1334,1
DA:1335,1
DA:1336,1
DA:1338,1
LF:700
LH:295
end_of_record
SF:lib/data/db/app_db.dart
DA:25,0
DA:27,1
DA:29,1
DA:33,0
DA:34,0
DA:35,0
DA:36,0
DA:38,0
DA:39,0
DA:42,0
DA:43,0
DA:45,0
LF:12
LH:2
end_of_record
SF:lib/data/models/test.dart
DA:5,0
DA:7,0
DA:9,0
LF:3
LH:0
end_of_record
SF:lib/data/models/question.dart
DA:5,0
DA:7,0
DA:9,0
DA:11,0
DA:12,0
DA:14,0
DA:15,0
DA:17,0
LF:8
LH:0
end_of_record
SF:lib/data/models/question_variant.dart
DA:9,0
DA:11,0
DA:13,0
DA:15,0
DA:17,0
DA:18,0
LF:6
LH:0
end_of_record
SF:lib/data/models/test_question.dart
DA:7,0
DA:12,0
DA:14,0
DA:19,0
DA:21,0
DA:22,0
LF:6
LH:0
end_of_record
SF:lib/data/models/question_question_variant.dart
DA:7,0
DA:12,0
DA:14,0
DA:19,0
DA:21,0
DA:23,0
DA:24,0
LF:7
LH:0
end_of_record
SF:lib/data/mapper/question_mapper.dart
DA:6,2
DA:11,2
DA:12,2
DA:13,2
DA:14,2
DA:15,2
DA:16,2
DA:17,2
DA:23,2
DA:26,2
DA:28,4
DA:29,4
DA:30,4
DA:31,4
DA:32,4
LF:15
LH:15
end_of_record
SF:lib/data/mapper/question_variant_mapper.dart
DA:6,2
DA:7,2
DA:8,4
DA:9,4
DA:13,2
DA:14,2
DA:17,1
DA:20,2
DA:21,2
DA:23,2
DA:27,2
DA:28,2
DA:31,1
DA:34,2
DA:35,2
DA:37,2
DA:41,2
DA:45,4
DA:47,4
DA:48,4
DA:51,4
DA:53,4
DA:54,4
DA:57,0
LF:24
LH:23
end_of_record
SF:lib/data/mapper/test_mapper.dart
DA:6,2
DA:7,2
DA:8,2
DA:9,2
DA:10,2
DA:14,2
DA:15,2
DA:16,4
DA:17,4
DA:18,4
DA:22,2
DA:26,2
DA:27,2
DA:28,2
DA:29,2
LF:15
LH:15
end_of_record
SF:lib/data/repository/test_repository.dart
DA:38,2
DA:40,1
DA:42,2
DA:45,1
DA:46,3
DA:49,1
DA:51,2
DA:54,1
DA:56,6
DA:57,1
DA:58,1
DA:60,3
DA:61,1
DA:62,1
DA:63,1
DA:64,5
DA:67,4
DA:70,4
DA:71,2
DA:72,1
DA:74,1
DA:77,1
DA:78,4
DA:79,1
DA:80,1
DA:81,2
DA:82,3
DA:85,5
DA:88,4
DA:89,4
DA:90,3
DA:91,1
DA:94,4
DA:95,1
DA:96,1
DA:98,2
DA:101,1
DA:103,2
DA:105,3
DA:107,6
DA:108,1
DA:110,2
DA:111,3
DA:112,1
DA:115,2
DA:116,3
DA:117,1
DA:120,3
DA:121,1
DA:124,3
DA:129,3
DA:130,1
DA:137,1
DA:141,1
DA:142,4
DA:145,1
DA:146,4
DA:149,1
DA:151,8
DA:153,2
DA:154,5
DA:155,1
DA:157,2
DA:158,2
DA:159,4
DA:160,1
DA:162,1
DA:164,2
DA:165,4
DA:166,1
DA:168,1
DA:170,2
DA:171,2
DA:172,4
DA:173,1
DA:175,1
DA:182,1
DA:184,1
DA:186,1
LF:79
LH:79
end_of_record
SF:lib/data/repository/test_repository.g.dart
DA:7,3
DA:8,3
DA:9,1
DA:10,2
DA:11,1
DA:12,2
DA:13,1
DA:14,2
LF:8
LH:8
end_of_record
SF:lib/pages/menu_page/menu_page.dart
DA:10,6
DA:12,1
DA:14,1
DA:15,1
DA:17,1
DA:21,1
DA:23,1
DA:24,1
DA:27,0
DA:28,0
DA:32,1
DA:35,0
DA:36,0
DA:40,1
DA:43,0
DA:46,1
DA:49,0
DA:50,0
LF:18
LH:11
end_of_record
SF:lib/domain/create_question_bloc/create_question_bloc.dart
DA:26,1
DA:32,1
DA:33,1
DA:34,1
DA:35,1
DA:36,1
DA:37,1
DA:38,1
DA:39,1
DA:40,3
DA:41,2
DA:44,2
DA:45,2
DA:46,2
DA:47,2
DA:48,2
DA:49,2
DA:50,2
DA:51,2
DA:52,2
DA:53,2
DA:54,2
DA:57,1
DA:58,1
DA:60,2
DA:61,1
DA:64,1
DA:65,3
DA:69,1
DA:73,1
DA:75,2
DA:76,1
DA:79,1
DA:80,3
DA:84,1
DA:88,1
DA:90,1
DA:91,3
DA:95,1
DA:96,1
DA:98,1
DA:99,3
DA:103,1
DA:107,1
DA:108,2
DA:109,1
DA:112,1
DA:115,1
DA:119,1
DA:120,2
DA:121,1
DA:124,1
DA:127,1
DA:131,3
DA:132,3
DA:134,2
DA:138,1
DA:140,1
DA:141,4
DA:142,2
DA:145,1
DA:146,3
DA:153,1
DA:157,1
DA:158,1
DA:159,1
DA:162,1
DA:165,1
DA:169,1
DA:170,1
DA:171,1
DA:174,1
DA:177,1
DA:181,3
DA:182,5
DA:184,1
DA:188,1
DA:190,1
DA:191,3
DA:197,1
DA:201,1
DA:202,3
DA:203,3
DA:205,4
DA:207,1
DA:208,1
DA:211,1
DA:212,1
DA:213,0
DA:214,0
DA:217,1
DA:218,3
DA:225,1
DA:226,4
DA:227,1
DA:229,3
DA:230,1
DA:231,3
DA:235,1
DA:239,2
DA:240,2
DA:241,2
DA:242,2
DA:243,2
DA:244,2
DA:245,2
DA:246,2
DA:248,1
DA:249,1
DA:250,1
DA:258,1
DA:259,1
DA:260,1
DA:268,1
DA:269,4
DA:270,1
DA:271,1
DA:279,1
DA:280,1
DA:281,1
DA:288,1
DA:289,1
LF:122
LH:120
end_of_record
SF:lib/domain/service/create_answer_service.dart
DA:6,6
DA:8,1
DA:10,1
DA:18,6
DA:20,1
DA:22,1
LF:6
LH:6
end_of_record
SF:lib/domain/create_test_bloc/create_test_bloc.dart
DA:20,1
DA:23,1
DA:24,1
DA:27,1
DA:31,1
DA:32,1
DA:33,2
DA:36,1
DA:37,2
DA:38,2
DA:39,2
DA:40,2
DA:41,2
DA:42,2
DA:43,2
DA:46,1
DA:50,1
DA:52,2
DA:53,1
DA:56,1
DA:57,3
DA:61,1
DA:65,1
DA:67,2
DA:68,1
DA:71,1
DA:72,3
DA:76,1
DA:80,1
DA:81,3
DA:83,2
DA:87,1
DA:88,1
DA:89,3
DA:93,1
DA:97,1
DA:98,1
DA:99,3
DA:101,3
DA:102,1
DA:103,1
DA:111,1
DA:112,1
DA:113,4
DA:117,1
DA:121,1
DA:122,3
DA:124,3
DA:125,1
DA:126,1
DA:134,1
DA:135,1
DA:136,4
DA:140,1
DA:144,1
DA:146,1
DA:147,1
DA:150,2
DA:152,1
DA:153,1
DA:157,1
DA:161,2
DA:162,2
DA:163,2
DA:164,2
DA:166,1
DA:167,1
DA:168,1
DA:176,1
DA:177,1
DA:178,1
DA:186,1
DA:187,1
DA:196,2
DA:197,1
DA:205,1
DA:206,1
DA:207,1
DA:208,1
DA:209,1
DA:210,1
DA:215,0
DA:216,0
DA:224,0
LF:84
LH:81
end_of_record
SF:lib/domain/create_test_bloc/create_test_state.dart
DA:26,2
DA:27,2
DA:28,2
DA:29,2
DA:30,2
DA:31,2
LF:6
LH:6
end_of_record
SF:lib/navigation/app_router.dart
DA:15,0
DA:16,0
DA:17,0
DA:21,0
DA:24,0
DA:27,0
DA:30,0
LF:7
LH:0
end_of_record
SF:lib/pages/create_test_page/create_test_page.dart
DA:15,5
DA:17,0
DA:19,0
DA:20,0
DA:21,0
DA:29,5
DA:31,0
DA:33,0
DA:34,0
DA:35,0
DA:36,0
DA:39,0
DA:40,0
DA:41,0
DA:42,0
DA:43,0
DA:45,0
DA:47,0
DA:54,0
DA:56,0
DA:57,0
DA:58,0
DA:59,0
DA:62,0
DA:63,0
DA:72,0
DA:73,0
DA:76,0
DA:77,0
DA:86,0
DA:87,0
DA:89,0
DA:92,0
DA:94,0
DA:95,0
DA:96,0
DA:97,0
DA:98,0
DA:101,0
DA:105,0
DA:108,0
DA:109,0
DA:110,0
DA:115,0
DA:119,0
DA:120,0
DA:126,0
DA:127,0
DA:137,0
DA:139,0
DA:141,0
DA:143,0
DA:144,0
DA:146,0
DA:147,0
DA:149,0
LF:56
LH:2
end_of_record
SF:lib/pages/history_page/history_page.dart
DA:6,5
DA:8,0
LF:2
LH:1
end_of_record
SF:lib/pages/tests_page/tests_page.dart
DA:10,5
DA:12,0
DA:13,0
DA:21,0
DA:23,0
DA:24,0
DA:31,0
DA:32,0
DA:33,0
DA:34,0
DA:42,0
DA:46,0
DA:47,0
DA:48,0
DA:49,0
DA:50,0
DA:51,0
DA:55,0
LF:18
LH:1
end_of_record
SF:lib/pages/crate_question_page/create_question_page.dart
DA:17,0
DA:24,0
DA:26,0
DA:27,0
DA:28,0
DA:37,5
DA:39,0
DA:41,0
DA:42,0
DA:43,0
DA:44,0
DA:45,0
DA:46,0
DA:47,0
DA:48,0
DA:49,0
DA:50,0
DA:51,0
DA:52,0
DA:53,0
DA:54,0
DA:59,0
DA:60,0
DA:61,0
DA:63,0
DA:65,0
DA:72,0
DA:73,0
DA:74,0
DA:78,0
DA:79,0
DA:80,0
DA:83,0
DA:84,0
DA:88,0
DA:91,0
DA:92,0
DA:96,0
DA:98,0
DA:103,0
DA:105,0
DA:106,0
DA:108,0
DA:111,0
DA:112,0
DA:116,0
DA:118,0
DA:120,0
DA:121,0
DA:122,0
DA:126,0
DA:127,0
DA:131,0
DA:133,0
DA:137,0
DA:138,0
DA:139,0
DA:145,0
DA:147,0
DA:149,0
DA:150,0
DA:153,0
DA:154,0
DA:156,0
LF:64
LH:1
end_of_record
SF:lib/pages/widgets/filled_text_field.dart
DA:7,0
DA:18,0
DA:32,0
DA:33,0
DA:34,0
DA:35,0
DA:36,0
DA:37,0
DA:38,0
DA:40,0
DA:41,0
DA:42,0
LF:12
LH:0
end_of_record
SF:lib/pages/widgets/outline_text_field.dart
DA:7,0
DA:26,0
DA:39,0
DA:40,0
DA:41,0
DA:42,0
DA:43,0
DA:45,0
DA:46,0
DA:47,0
DA:48,0
DA:50,0
DA:51,0
DA:52,0
DA:53,0
DA:54,0
LF:16
LH:0
end_of_record
SF:lib/resources/colors.dart
DA:4,0
LF:1
LH:0
end_of_record
SF:lib/resources/extra_text_styles.dart
DA:4,0
DA:9,0
DA:14,0
LF:3
LH:0
end_of_record
SF:lib/pages/crate_question_page/widgets/question_layout_list.dart
DA:6,0
DA:17,0
DA:19,0
DA:20,0
DA:21,0
DA:22,0
DA:23,0
DA:29,0
DA:30,0
DA:31,0
DA:32,0
DA:34,0
DA:41,0
DA:43,0
DA:44,0
LF:15
LH:0
end_of_record
SF:lib/pages/crate_question_page/widgets/question_variant_list.dart
DA:17,0
DA:26,0
DA:28,0
DA:30,0
DA:34,0
DA:35,0
DA:36,0
DA:37,0
DA:38,0
DA:39,0
DA:40,0
DA:41,0
DA:43,0
DA:44,0
DA:49,0
DA:52,0
DA:53,0
DA:55,0
DA:56,0
DA:57,0
DA:60,0
DA:61,0
DA:62,0
DA:63,0
DA:68,0
DA:69,0
DA:70,0
DA:73,0
DA:75,0
DA:76,0
DA:78,0
DA:79,0
DA:80,0
DA:83,0
DA:84,0
DA:85,0
DA:86,0
DA:91,0
DA:92,0
DA:93,0
DA:96,0
DA:98,0
LF:42
LH:0
end_of_record
SF:lib/pages/crate_question_page/widgets/create_question_variant_form.dart
DA:9,0
DA:20,0
DA:22,0
DA:28,0
DA:30,0
DA:31,0
DA:32,0
DA:33,0
DA:35,0
DA:37,0
DA:38,0
DA:41,0
DA:44,0
DA:46,0
DA:47,0
DA:48,0
DA:49,0
DA:50,0
DA:56,0
DA:64,0
DA:66,0
DA:67,0
DA:68,0
DA:69,0
DA:70,0
DA:76,0
DA:79,0
DA:80,0
DA:82,0
DA:84,0
DA:92,0
DA:106,0
DA:108,0
DA:109,0
DA:110,0
DA:111,0
DA:112,0
DA:113,0
DA:114,0
DA:130,0
DA:132,0
DA:133,0
LF:42
LH:0
end_of_record
SF:lib/pages/widgets/media_button.dart
DA:5,0
DA:22,0
DA:24,0
DA:25,0
DA:26,0
DA:28,0
DA:31,0
DA:32,0
DA:33,0
DA:35,0
DA:37,0
LF:11
LH:0
end_of_record
SF:lib/pages/crate_question_page/widgets/question_variants.dart
DA:9,0
DA:18,0
DA:20,0
DA:24,0
DA:25,0
DA:27,0
DA:28,0
DA:29,0
DA:34,0
DA:42,0
DA:59,0
DA:61,0
DA:62,0
DA:63,0
DA:64,0
DA:65,0
DA:67,0
DA:71,0
DA:72,0
DA:75,0
DA:78,0
DA:87,0
DA:88,0
DA:89,0
DA:98,0
DA:115,0
DA:117,0
DA:118,0
DA:119,0
DA:120,0
DA:121,0
DA:123,0
DA:125,0
DA:126,0
DA:128,0
DA:130,0
DA:137,0
DA:139,0
DA:140,0
DA:141,0
DA:142,0
DA:148,0
DA:152,0
DA:153,0
DA:154,0
LF:45
LH:0
end_of_record
SF:lib/pages/create_test_page/widgets/sliver_questions_list.dart
DA:12,0
DA:25,0
DA:27,0
DA:28,0
DA:29,0
DA:30,0
DA:31,0
DA:33,0
DA:34,0
DA:35,0
DA:36,0
DA:38,0
DA:47,0
DA:49,0
DA:50,0
DA:51,0
DA:52,0
DA:54,0
DA:55,0
DA:56,0
DA:57,0
DA:58,0
DA:66,0
DA:67,0
LF:24
LH:0
end_of_record
SF:lib/pages/widgets/navigation_button.dart
DA:5,0
DA:14,0
DA:16,0
DA:17,0
DA:18,0
DA:20,0
DA:21,0
DA:25,0
DA:27,0
DA:28,0
LF:10
LH:0
end_of_record
SF:lib/resources/images.dart
DA:2,0
LF:1
LH:0
end_of_record
SF:lib/pages/menu_page/widgets/menu_tile.dart
DA:4,1
DA:15,1
DA:17,1
DA:18,1
DA:20,1
DA:21,1
DA:22,1
DA:25,1
DA:27,1
DA:31,1
DA:34,1
DA:37,1
DA:38,1
DA:39,1
DA:40,4
DA:41,3
LF:16
LH:16
end_of_record
